<?xml version="1.0" encoding="UTF-8"?>
<!-- Generated by org.testng.reporters.JUnitReportReporter -->
<testsuite hostname="LAPTOP-NKSJN1CU" failures="1" tests="5" name="com.tekarch.runner.LoginRunner" time="49.357" errors="0" timestamp="2023-03-05T01:47:14 PST" skipped="0">
  <testcase classname="com.tekarch.runner.LoginRunner" name="runScenario" time="5.695"/>
  <system-out/>
  <testcase classname="com.tekarch.runner.LoginRunner" name="runScenario" time="10.906"/>
  <system-out/>
  <testcase classname="com.tekarch.runner.LoginRunner" name="runScenario" time="15.889">
    <failure message="expected [anu@tekarch.com] but found []" type="java.lang.AssertionError">
      <![CDATA[java.lang.AssertionError: expected [anu@tekarch.com] but found []
at org.testng.Assert.fail(Assert.java:110)
at org.testng.Assert.failNotEquals(Assert.java:1577)
at org.testng.Assert.assertEqualsImpl(Assert.java:149)
at org.testng.Assert.assertEquals(Assert.java:131)
at org.testng.Assert.assertEquals(Assert.java:655)
at org.testng.Assert.assertEquals(Assert.java:665)
at com.tekarch.steps.StepDefinationForSalesForce.username_field_contains(StepDefinationForSalesForce.java:138)
at âœ½.username field contains "anu@tekarch.com"(file:///C:/Users/Anusha/eclipse-workspace/FrameworkPOMCocumberAssignment/src/test/resources/login.feature:37)
]]>
    </failure>
  </testcase> <!-- runScenario -->
  <system-out/>
  <testcase classname="com.tekarch.runner.LoginRunner" name="runScenario" time="6.493"/>
  <system-out/>
  <testcase classname="com.tekarch.runner.LoginRunner" name="runScenario" time="10.374"/>
  <system-out/>
</testsuite> <!-- com.tekarch.runner.LoginRunner -->
